2025-09-13 18:45:40 - [PRIVATE] admin -> User#2: 你好
2025-09-13 18:46:27 - [PUBLIC] admin: 111
2025-09-13 18:47:35 - [PRIVATE] admin -> User#2: d
2025-09-13 19:00:06 - [PRIVATE] admin -> User#2: 测试
2025-09-13 19:09:05 - [PRIVATE] admin -> User#2: 1
2025-09-13 19:09:05 - [PRIVATE] admin -> User#2: 1
2025-09-13 19:09:06 - [PRIVATE] admin -> User#2: 1
2025-09-13 19:09:06 - [PRIVATE] admin -> User#2: 1
2025-09-13 19:09:06 - [PRIVATE] admin -> User#2: 1
2025-09-13 19:09:07 - [PRIVATE] admin -> User#2: 1
2025-09-13 19:09:07 - [PRIVATE] admin -> User#2: 1
2025-09-13 19:09:07 - [PRIVATE] admin -> User#2: 1
2025-09-13 19:09:07 - [PRIVATE] admin -> User#2: 1
2025-09-13 19:09:08 - [PRIVATE] admin -> User#2: 1
2025-09-13 19:09:08 - [PRIVATE] admin -> User#2: 1
2025-09-13 19:09:09 - [PRIVATE] admin -> User#2: 1
2025-09-13 19:09:09 - [PRIVATE] admin -> User#2: 1
2025-09-13 19:09:10 - [PRIVATE] admin -> User#2: 1
2025-09-13 19:09:10 - [PRIVATE] admin -> User#2: 1
2025-09-13 19:09:10 - [PRIVATE] admin -> User#2: 1
2025-09-13 19:09:11 - [PRIVATE] admin -> User#2: 1
2025-09-13 19:09:11 - [PRIVATE] admin -> User#2: 1
2025-09-13 19:11:07 - [PRIVATE] admin -> User#2: 宝宝
2025-09-13 19:11:20 - [GROUP#1] admin: 1
2025-09-13 19:11:23 - [GROUP#1] admin: 1
2025-09-13 19:11:23 - [GROUP#1] admin: 1
2025-09-13 19:12:17 - [GROUP#1] admin: q
2025-09-13 19:12:19 - [GROUP#1] admin: q
2025-09-13 19:23:44 - [PRIVATE] admin -> User#2: 你好
2025-09-13 19:23:49 - [PRIVATE] admin -> User#2: sd
2025-09-13 19:23:59 - [PUBLIC] admin: q
2025-09-13 19:24:51 - [PUBLIC] admin: 权威地位
2025-09-13 19:24:55 - [PUBLIC] admin: 阿斯顿
2025-09-13 19:25:13 - [PUBLIC] admin: 1
2025-09-13 19:25:19 - [PUBLIC] admin: 1
2025-09-13 19:47:10 - [PUBLIC] admin: 1
2025-09-13 19:47:11 - [PUBLIC] admin: 1
2025-09-13 19:47:43 - [PUBLIC] admin: 哇低洼低洼
